d:\github\safetrackingnumber\server\server\x64\debug\vc143.pdb
d:\github\safetrackingnumber\server\server\x64\debug\vc143.idb
d:\github\safetrackingnumber\server\server\x64\debug\verify.obj
d:\github\safetrackingnumber\server\server\x64\debug\symmetric-shake.obj
d:\github\safetrackingnumber\server\server\x64\debug\reduce.obj
d:\github\safetrackingnumber\server\server\x64\debug\randombytes.obj
d:\github\safetrackingnumber\server\server\x64\debug\polyvec.obj
d:\github\safetrackingnumber\server\server\x64\debug\poly.obj
d:\github\safetrackingnumber\server\server\x64\debug\ntt.obj
d:\github\safetrackingnumber\server\server\x64\debug\kem.obj
d:\github\safetrackingnumber\server\server\x64\debug\indcpa.obj
d:\github\safetrackingnumber\server\server\x64\debug\fips202.obj
d:\github\safetrackingnumber\server\server\x64\debug\cbd.obj
d:\github\safetrackingnumber\server\server\x64\debug\qrgenerator.obj
d:\github\safetrackingnumber\server\server\x64\debug\qrcodegen.obj
d:\github\safetrackingnumber\server\server\x64\debug\main.obj
d:\github\safetrackingnumber\server\server\x64\debug\user.obj
d:\github\safetrackingnumber\server\server\x64\debug\package.obj
d:\github\safetrackingnumber\server\server\x64\debug\deliveryman.obj
d:\github\safetrackingnumber\server\server\x64\debug\cryptointerface.obj
d:\github\safetrackingnumber\server\server\x64\debug\database.obj
d:\github\safetrackingnumber\server\server\x64\debug\server.ilk
d:\github\safetrackingnumber\server\x64\debug\server.pdb
d:\github\safetrackingnumber\server\server\x64\debug\server.tlog\cl.command.1.tlog
d:\github\safetrackingnumber\server\server\x64\debug\server.tlog\cl.items.tlog
d:\github\safetrackingnumber\server\server\x64\debug\server.tlog\cl.read.1.tlog
d:\github\safetrackingnumber\server\server\x64\debug\server.tlog\cl.write.1.tlog
d:\github\safetrackingnumber\server\server\x64\debug\server.tlog\link.20064-cvtres.read.1.tlog
d:\github\safetrackingnumber\server\server\x64\debug\server.tlog\link.20064-cvtres.write.1.tlog
d:\github\safetrackingnumber\server\server\x64\debug\server.tlog\link.20064-rc.read.1.tlog
d:\github\safetrackingnumber\server\server\x64\debug\server.tlog\link.20064-rc.write.1.tlog
d:\github\safetrackingnumber\server\server\x64\debug\server.tlog\link.20064.read.1.tlog
d:\github\safetrackingnumber\server\server\x64\debug\server.tlog\link.20064.read.2.tlog
d:\github\safetrackingnumber\server\server\x64\debug\server.tlog\link.20064.write.1.tlog
d:\github\safetrackingnumber\server\server\x64\debug\server.tlog\link.command.1.tlog
d:\github\safetrackingnumber\server\server\x64\debug\server.tlog\link.read.1.tlog
d:\github\safetrackingnumber\server\server\x64\debug\server.tlog\link.secondary.1.tlog
d:\github\safetrackingnumber\server\server\x64\debug\server.tlog\link.write.1.tlog
