d:\github\safetrackingnumber\client\client\x64\debug\vc143.pdb
d:\github\safetrackingnumber\client\client\x64\debug\vc143.idb
d:\github\safetrackingnumber\client\client\x64\debug\verify.obj
d:\github\safetrackingnumber\client\client\x64\debug\symmetric-shake.obj
d:\github\safetrackingnumber\client\client\x64\debug\reduce.obj
d:\github\safetrackingnumber\client\client\x64\debug\randombytes.obj
d:\github\safetrackingnumber\client\client\x64\debug\polyvec.obj
d:\github\safetrackingnumber\client\client\x64\debug\poly.obj
d:\github\safetrackingnumber\client\client\x64\debug\ntt.obj
d:\github\safetrackingnumber\client\client\x64\debug\kem.obj
d:\github\safetrackingnumber\client\client\x64\debug\indcpa.obj
d:\github\safetrackingnumber\client\client\x64\debug\fips202.obj
d:\github\safetrackingnumber\client\client\x64\debug\cbd.obj
d:\github\safetrackingnumber\client\client\x64\debug\main.obj
d:\github\safetrackingnumber\client\x64\debug\client.exe
d:\github\safetrackingnumber\client\x64\debug\client.pdb
d:\github\safetrackingnumber\client\client\x64\debug\client.ilk
d:\github\safetrackingnumber\client\client\x64\debug\client.tlog\cl.command.1.tlog
d:\github\safetrackingnumber\client\client\x64\debug\client.tlog\cl.items.tlog
d:\github\safetrackingnumber\client\client\x64\debug\client.tlog\cl.read.1.tlog
d:\github\safetrackingnumber\client\client\x64\debug\client.tlog\cl.write.1.tlog
d:\github\safetrackingnumber\client\client\x64\debug\client.tlog\link.command.1.tlog
d:\github\safetrackingnumber\client\client\x64\debug\client.tlog\link.read.1.tlog
d:\github\safetrackingnumber\client\client\x64\debug\client.tlog\link.secondary.1.tlog
d:\github\safetrackingnumber\client\client\x64\debug\client.tlog\link.write.1.tlog
